* Microsoft COBOL Version 4.5        L2.4 revision 002 06-Oct-21 26:32 Page   1
*                                     CUSTOCAR.CBL
* Options: LIST(CUSTOCAR.LST) ASMLIST(CUSTOCAR.GRP)
     1 IDENTIFICATION DIVISION.
     2 PROGRAM-ID.      CUSTOCARRO.
     3 AUTHOR.          BRUNO CARVALHO.
     4 INSTALLATION.    FATEC-SP.
     5 DATE-WRITTEN.    10/06/2021.
     6 DATE-COMPILED. 06-Oct-21 26:32.
     7 SECURITY.
     8
     9 ENVIRONMENT DIVISION.
    10
    11 CONFIGURATION SECTION.
    12 SPECIAL-NAMES.   DECIMAL-POINT IS COMMA.
    13
    14 DATA DIVISION.
    15
    16 WORKING-STORAGE SECTION.
    17 77 CFAB  PIC 9(8) VALUE ZEROS.
    18 77 CCON  PIC 9(8) VALUE ZEROS.
    19
    20 SCREEN SECTION.
    21 01 TELA.
    22
    23     02 BLANK SCREEN.
    24     02 LINE 02 COL 21 VALUE "PROGRAMA PARA CUSTO DO CARRO".
    25     02 LINE 05 COL 21 VALUE "ENTRE COM CUSTO DE FµBRICA: ".
    26     02 LINE 06 COL 21 VALUE "CUSTO FINAL AO CONSUMIDOR: ".
    27
    28 PROCEDURE DIVISION.
    29
    30 INICIO.
    31     DISPLAY TELA.
    32
    33  DIGITACAO.
    34     ACCEPT CFAB AT 0550.
    35
    36  CALCULO.
    37     COMPUTE CCON = CFAB + ( (CFAB * 73) /100).
    38
    39  EXIBE-RESULTADO.
    40     DISPLAY CCON AT 0650.
    41     DISPLAY "FINAL DO PROGRAMA - CUSTO DO CARRO" AT 1021.
    42     STOP RUN.
* Microsoft COBOL Version 4.5        L2.4 revision 002
* (C)Copyright Microsoft Corp 1984, 1991       URN AXUPA/MS0/000000
*                                              REF GNB-024050002A7
*
* Total Messages:     0
* Data:         768     Code:         169     Dictionary:        1083
