* Microsoft COBOL Version 4.5        L2.4 revision 002 06-Oct-21 26:40 Page   1
*                                     VENDEDOR.CBL
* Options: LIST(VENDEDOR.LST) ASMLIST(VENDEDOR.GRP)
     1 IDENTIFICATION DIVISION.
     2 PROGRAM-ID.      VENDEDOR.
     3 AUTHOR.          BRUNO CARVALHO.
     4 INSTALLATION.    FATEC-SP.
     5 DATE-WRITTEN.    10/06/2021.
     6 DATE-COMPILED. 06-Oct-21 26:40.
     7 SECURITY.
     8
     9 ENVIRONMENT DIVISION.
    10
    11 CONFIGURATION SECTION.
    12 SPECIAL-NAMES. CURRENCY SIGN IS "$".
    13
    14 DATA DIVISION.
    15
    16 WORKING-STORAGE SECTION.
    17 77 QCV  PIC 999 VALUE ZEROS.
    18 77 TV   PIC 999999V99.
    19 77 SF   PIC 999999V99.
    20 77 CFC  PIC 99v99 VALUE ZEROS.
    21 77 SFV  PIC 999999V99.
    22
    23 SCREEN SECTION.
    24 01 TELA.
    25
    26     02 BLANK SCREEN.
    27     02 LINE 02 COL 15 VALUE "PROGRAMA SALµRIO FINAL DO VENDEDOR".
    28     02 LINE 05 COL 15 VALUE "QUANTIDADE DE CARROS VENDIDOS: ".
    29     02 LINE 06 COL 15 VALUE "TOTAL DE VENDAS: ".
    30     02 LINE 07 COL 15 VALUE "SALµRIO FIXO: ".
    31     02 LINE 08 COL 15 VALUE "COMISSÇO FIXA POR CARRO: ".
    32     02 LINE 09 COL 15 VALUE "SALµRIO FINAL DO VENDEDOR: ".
    33
    34 PROCEDURE DIVISION.
    35
    36 INICIO.
    37     DISPLAY TELA.
    38
    39  DIGITACAO.
    40     ACCEPT QCV AT 0550.
    41     ACCEPT TV  AT 0650.
    42     ACCEPT SF  AT 0750.
    43     ACCEPT CFC AT 0850.
    44
    45  CALCULO.
    46     COMPUTE SFV = SF+((TV/QCV)*(CFC/100))+(TV*(5/100)).
    47
    48  EXIBE-RESULTADO.
    49     DISPLAY SFV AT 0950.
    50     DISPLAY "FINAL DO PROGRAMA - CUSTO DO CARRO" AT 1315.
    51     STOP RUN.
* Microsoft COBOL Version 4.5        L2.4 revision 002
* (C)Copyright Microsoft Corp 1984, 1991       URN AXUPA/MS0/000000
*                                              REF GNB-024050002A7
*
* Total Messages:     0
* Data:         880     Code:         263     Dictionary:        1602
